8 0.807415
0.08 0.38283
0.16 0.51802
0.24 0.606878
0.32 0.670143
0.4 0.716323
0.48 0.750032
0.56 0.774157
0.64 0.790679
0.72 0.801038
0.8 0.80633
0.88 0.807415
0.96 0.804984
1.04 0.799607
1.12 0.791754
1.2 0.781824
1.28 0.770155
1.36 0.757037
1.44 0.742719
1.52 0.727418
1.6 0.711322
1.68 0.694595
1.76 0.67738
1.84 0.659802
1.92 0.641971
2 0.623983
2.08 0.605921
2.16 0.58786
2.24 0.569864
2.32 0.551987
2.4 0.534278
2.48 0.516779
2.56 0.499527
2.64 0.482551
2.72 0.465877
2.8 0.449529
2.88 0.433523
2.96 0.417874
3.04 0.402595
3.12 0.387695
3.2 0.37318
3.28 0.359056
3.36 0.345325
3.44 0.331989
3.52 0.319046
3.6 0.306497
3.68 0.294338
3.76 0.282566
3.84 0.271175
3.92 0.260162
4 0.249519
4.08 0.239241
4.16 0.229321
4.24 0.21975
4.32 0.210523
4.4 0.20163
4.48 0.193063
4.56 0.184815
4.64 0.176877
4.72 0.16924
4.8 0.161896
4.88 0.154837
4.96 0.148053
5.04 0.141537
5.12 0.13528
5.2 0.129273
5.28 0.123509
5.36 0.11798
5.44 0.112677
5.52 0.107593
5.6 0.10272
5.68 0.0980508
5.76 0.0935778
5.84 0.089294
5.92 0.0851923
6 0.0812661
6.08 0.0775088
6.16 0.0739138
6.24 0.070475
6.32 0.0671863
6.4 0.0640418
6.48 0.0610358
6.56 0.0581629
6.64 0.0554176
6.72 0.0527949
6.8 0.0502897
6.88 0.0478971
6.96 0.0456126
7.04 0.0434317
7.12 0.04135
7.2 0.0393634
7.28 0.0374677
7.36 0.0356592
7.44 0.0339342
7.52 0.0322889
7.6 0.03072
7.68 0.0292242
7.76 0.0277982
7.84 0.0264391
7.92 0.0251437
8 0.0239094
